<?xml version="1.0" encoding="UTF-8"?>
<testng-results ignored="0" total="2" passed="2" failed="0" skipped="0">
  <reporter-output>
  </reporter-output>
  <suite started-at="2025-03-06T15:48:04 IST" name="Default suite" finished-at="2025-03-06T15:48:27 IST" duration-ms="23256">
    <groups>
      <group name="cucumber">
        <method signature="AbstractTestNGCucumberTests.runScenario(io.cucumber.testng.PickleWrapper,io.cucumber.testng.FeatureWrapper)[pri:0, instance:com.wipro.Stepdef.TestRunner@3f4faf53]" name="runScenario" class="io.cucumber.testng.AbstractTestNGCucumberTests"/>
      </group> <!-- cucumber -->
    </groups>
    <test started-at="2025-03-06T15:48:04 IST" name="Default test" finished-at="2025-03-06T15:48:27 IST" duration-ms="23256">
      <class name="com.wipro.Stepdef.TestRunner">
        <test-method is-config="true" signature="setUpClass(org.testng.ITestContext)[pri:0, instance:com.wipro.Stepdef.TestRunner@3f4faf53]" started-at="2025-03-06T15:48:04 IST" name="setUpClass" finished-at="2025-03-06T15:48:04 IST" duration-ms="397" status="PASS">
          <params>
            <param index="0">
              <value>
                <![CDATA[org.testng.TestRunner@7741d346]]>
              </value>
            </param>
          </params>
          <reporter-output>
          </reporter-output>
        </test-method> <!-- setUpClass -->
        <test-method signature="runScenario(io.cucumber.testng.PickleWrapper,io.cucumber.testng.FeatureWrapper)[pri:0, instance:com.wipro.Stepdef.TestRunner@3f4faf53]" started-at="2025-03-06T15:48:04 IST" name="runScenario" description="Runs Cucumber Scenarios" data-provider="scenarios" finished-at="2025-03-06T15:48:16 IST" duration-ms="11753" status="PASS">
          <params>
            <param index="0">
              <value>
                <![CDATA["Creating a new Rediffmail account"]]>
              </value>
            </param>
            <param index="1">
              <value>
                <![CDATA["Rediffmail Account Creation"]]>
              </value>
            </param>
          </params>
          <reporter-output>
          </reporter-output>
        </test-method> <!-- runScenario -->
        <test-method signature="runScenario(io.cucumber.testng.PickleWrapper,io.cucumber.testng.FeatureWrapper)[pri:0, instance:com.wipro.Stepdef.TestRunner@3f4faf53]" started-at="2025-03-06T15:48:16 IST" name="runScenario" description="Runs Cucumber Scenarios" data-provider="scenarios" finished-at="2025-03-06T15:48:27 IST" duration-ms="10998" status="PASS">
          <params>
            <param index="0">
              <value>
                <![CDATA["Creating a new Rediffmail account"]]>
              </value>
            </param>
            <param index="1">
              <value>
                <![CDATA["Rediffmail Account Creation"]]>
              </value>
            </param>
          </params>
          <reporter-output>
          </reporter-output>
        </test-method> <!-- runScenario -->
        <test-method is-config="true" signature="tearDownClass()[pri:0, instance:com.wipro.Stepdef.TestRunner@3f4faf53]" started-at="2025-03-06T15:48:27 IST" name="tearDownClass" finished-at="2025-03-06T15:48:27 IST" duration-ms="74" status="PASS">
          <reporter-output>
          </reporter-output>
        </test-method> <!-- tearDownClass -->
      </class> <!-- com.wipro.Stepdef.TestRunner -->
    </test> <!-- Default test -->
  </suite> <!-- Default suite -->
</testng-results>
